{"/home/andy/Repos/Microverse/module 2 /week 2/To-do-list/src/add.js": {"path":"/home/andy/Repos/Microverse/module 2 /week 2/To-do-list/src/add.js","statementMap":{"0":{"start":{"line":2,"column":18},"end":{"line":6,"column":3}},"1":{"start":{"line":7,"column":2},"end":{"line":7,"column":17}}},"fnMap":{"0":{"name":"addNew","decl":{"start":{"line":1,"column":24},"end":{"line":1,"column":30}},"loc":{"start":{"line":1,"column":42},"end":{"line":8,"column":1}},"line":1}},"branchMap":{},"s":{"0":1,"1":1},"f":{"0":1},"b":{},"_coverageSchema":"1a1c01bbd47fc00a2c39e90264f33305004495a9","hash":"05e11a503e83274a4d4617abb454ba62d2390711"}
,"/home/andy/Repos/Microverse/module 2 /week 2/To-do-list/src/remove.js": {"path":"/home/andy/Repos/Microverse/module 2 /week 2/To-do-list/src/remove.js","statementMap":{"0":{"start":{"line":2,"column":2},"end":{"line":2,"column":22}},"1":{"start":{"line":3,"column":2},"end":{"line":3,"column":57}}},"fnMap":{"0":{"name":"remove","decl":{"start":{"line":1,"column":24},"end":{"line":1,"column":30}},"loc":{"start":{"line":1,"column":42},"end":{"line":4,"column":1}},"line":1}},"branchMap":{},"s":{"0":1,"1":1},"f":{"0":1},"b":{},"_coverageSchema":"1a1c01bbd47fc00a2c39e90264f33305004495a9","hash":"619fd4a88fc404c76abd8300f6f08ac63327c421"}
}
